<?xml version="1.0" encoding="UTF-8"?>
<testng-results skipped="0" failed="0" ignored="0" total="1" passed="1">
  <reporter-output>
  </reporter-output>
  <suite name="Default suite" duration-ms="8734" started-at="2021-11-11T09:18:20Z" finished-at="2021-11-11T09:18:28Z">
    <groups>
      <group name="cucumber">
        <method signature="AbstractTestNGCucumberTests.runScenario(io.cucumber.testng.PickleWrapper, io.cucumber.testng.FeatureWrapper)[pri:0, instance:guru.springframework.cucumber.guruTest@7920ba90]" name="runScenario" class="io.cucumber.testng.AbstractTestNGCucumberTests"/>
      </group> <!-- cucumber -->
    </groups>
    <test name="Default test" duration-ms="8734" started-at="2021-11-11T09:18:20Z" finished-at="2021-11-11T09:18:28Z">
      <class name="guru.springframework.cucumber.guruTest">
        <test-method status="PASS" signature="setUpClass(org.testng.ITestContext)[pri:0, instance:guru.springframework.cucumber.guruTest@7920ba90]" name="setUpClass" is-config="true" duration-ms="280" started-at="2021-11-11T09:18:20Z" finished-at="2021-11-11T09:18:20Z">
          <params>
            <param index="0">
              <value>
                <![CDATA[org.testng.TestRunner@6594402a]]>
              </value>
            </param>
          </params>
          <reporter-output>
          </reporter-output>
        </test-method> <!-- setUpClass -->
        <test-method status="PASS" signature="runScenario(io.cucumber.testng.PickleWrapper, io.cucumber.testng.FeatureWrapper)[pri:0, instance:guru.springframework.cucumber.guruTest@7920ba90]" name="runScenario" duration-ms="8424" started-at="2021-11-11T09:18:20Z" description="Runs Cucumber Scenarios" data-provider="scenarios" finished-at="2021-11-11T09:18:28Z">
          <params>
            <param index="0">
              <value>
                <![CDATA["Verification of product information"]]>
              </value>
            </param>
            <param index="1">
              <value>
                <![CDATA["Optional[Guru Test]"]]>
              </value>
            </param>
          </params>
          <reporter-output>
          </reporter-output>
        </test-method> <!-- runScenario -->
        <test-method status="PASS" signature="tearDownClass()[pri:0, instance:guru.springframework.cucumber.guruTest@7920ba90]" name="tearDownClass" is-config="true" duration-ms="9" started-at="2021-11-11T09:18:28Z" finished-at="2021-11-11T09:18:28Z">
          <reporter-output>
          </reporter-output>
        </test-method> <!-- tearDownClass -->
      </class> <!-- guru.springframework.cucumber.guruTest -->
    </test> <!-- Default test -->
  </suite> <!-- Default suite -->
</testng-results>
